<?xml version="1.0" encoding="UTF-8"?>
<testsuite xmlns:xsi="http://www.w3.org/2001/XMLSchema-instance" xsi:noNamespaceSchemaLocation="https://maven.apache.org/surefire/maven-surefire-plugin/xsd/surefire-test-report.xsd" version="3.0.2" name="com.example.delivery_service.DeliveryServiceApplicationTests" time="8.557" tests="1" errors="0" skipped="0" failures="0">
  <properties>
[...]
</properties>
  <testcase name="contextLoads" classname="com.example.delivery_service.DeliveryServiceApplicationTests" time="1.924">
    <system-out><![CDATA[12:14:06.855 [main] INFO org.springframework.test.context.support.AnnotationConfigContextLoaderUtils -- Could not detect default configuration classes for test class [com.example.delivery_service.DeliveryServiceApplicationTests]: DeliveryServiceApplicationTests does not declare any static, non-private, non-final, nested classes annotated with @Configuration.
12:14:07.093 [main] INFO org.springframework.boot.test.context.SpringBootTestContextBootstrapper -- Found @SpringBootConfiguration com.example.delivery_service.DeliveryServiceApplication for test class com.example.delivery_service.DeliveryServiceApplicationTests

  .   ____          _            __ _ _
 /\\ / ___'_ __ _ _(_)_ __  __ _ \ \ \ \
( ( )\___ | '_ | '_| | '_ \/ _` | \ \ \ \
 \\/  ___)| |_)| | | | | || (_| |  ) ) ) )
  '  |____| .__|_| |_|_| |_\__, | / / / /
 =========|_|==============|___/=/_/_/_/

 :: Spring Boot ::                (v3.4.4)

2025-04-27T12:14:07.851+05:30  INFO 16984 --- [delivery_service] [           main] c.e.d.DeliveryServiceApplicationTests    : Starting DeliveryServiceApplicationTests using Java 17.0.12 with PID 16984 (started by HP in E:\DS\Cloud-Native-Food-Ordering-Delivery-System\backend\services\delivery_service)
2025-04-27T12:14:07.854+05:30  INFO 16984 --- [delivery_service] [           main] c.e.d.DeliveryServiceApplicationTests    : No active profile set, falling back to 1 default profile: "default"
2025-04-27T12:14:08.608+05:30  INFO 16984 --- [delivery_service] [           main] .s.d.r.c.RepositoryConfigurationDelegate : Multiple Spring Data modules found, entering strict repository configuration mode
2025-04-27T12:14:08.609+05:30  INFO 16984 --- [delivery_service] [           main] .s.d.r.c.RepositoryConfigurationDelegate : Bootstrapping Spring Data MongoDB repositories in DEFAULT mode.
2025-04-27T12:14:08.677+05:30  INFO 16984 --- [delivery_service] [           main] .s.d.r.c.RepositoryConfigurationDelegate : Finished Spring Data repository scanning in 57 ms. Found 2 MongoDB repository interfaces.
2025-04-27T12:14:09.934+05:30  INFO 16984 --- [delivery_service] [           main] org.mongodb.driver.client                : MongoClient with metadata {"driver": {"name": "mongo-java-driver|sync|spring-boot", "version": "5.2.1"}, "os": {"type": "Windows", "name": "Windows 11", "architecture": "amd64", "version": "10.0"}, "platform": "Java/Oracle Corporation/17.0.12+8-LTS-286"} created with settings MongoClientSettings{readPreference=primary, writeConcern=WriteConcern{w=null, wTimeout=null ms, journal=null}, retryWrites=true, retryReads=true, readConcern=ReadConcern{level=null}, credential=MongoCredential{mechanism=null, userName='malmi', source='admin', password=<hidden>, mechanismProperties=<hidden>}, transportSettings=null, commandListeners=[], codecRegistry=ProvidersCodecRegistry{codecProviders=[ValueCodecProvider{}, BsonValueCodecProvider{}, DBRefCodecProvider{}, DBObjectCodecProvider{}, DocumentCodecProvider{}, CollectionCodecProvider{}, IterableCodecProvider{}, MapCodecProvider{}, GeoJsonCodecProvider{}, GridFSFileCodecProvider{}, Jsr310CodecProvider{}, JsonObjectCodecProvider{}, BsonCodecProvider{}, EnumCodecProvider{}, com.mongodb.client.model.mql.ExpressionCodecProvider@51b77cdf, com.mongodb.Jep395RecordCodecProvider@441fbe89, com.mongodb.KotlinCodecProvider@6088451e]}, loggerSettings=LoggerSettings{maxDocumentLength=1000}, clusterSettings={hosts=[127.0.0.1:27017], srvHost=cluster0.55k6k1s.mongodb.net, srvServiceName=mongodb, mode=MULTIPLE, requiredClusterType=REPLICA_SET, requiredReplicaSetName='atlas-6iwb5e-shard-0', serverSelector='null', clusterListeners='[]', serverSelectionTimeout='30000 ms', localThreshold='15 ms'}, socketSettings=SocketSettings{connectTimeoutMS=10000, readTimeoutMS=0, receiveBufferSize=0, proxySettings=ProxySettings{host=null, port=null, username=null, password=null}}, heartbeatSocketSettings=SocketSettings{connectTimeoutMS=10000, readTimeoutMS=10000, receiveBufferSize=0, proxySettings=ProxySettings{host=null, port=null, username=null, password=null}}, connectionPoolSettings=ConnectionPoolSettings{maxSize=100, minSize=0, maxWaitTimeMS=120000, maxConnectionLifeTimeMS=0, maxConnectionIdleTimeMS=0, maintenanceInitialDelayMS=0, maintenanceFrequencyMS=60000, connectionPoolListeners=[], maxConnecting=2}, serverSettings=ServerSettings{heartbeatFrequencyMS=10000, minHeartbeatFrequencyMS=500, serverMonitoringMode=AUTO, serverListeners='[]', serverMonitorListeners='[]'}, sslSettings=SslSettings{enabled=true, invalidHostNameAllowed=false, context=null}, applicationName='null', compressorList=[], uuidRepresentation=JAVA_LEGACY, serverApi=null, autoEncryptionSettings=null, dnsClient=null, inetAddressResolver=null, contextProvider=null, timeoutMS=null}
2025-04-27T12:14:10.411+05:30  INFO 16984 --- [delivery_service] [k1s.mongodb.net] org.mongodb.driver.cluster               : Adding discovered server ac-mpa2ivu-shard-00-01.55k6k1s.mongodb.net:27017 to client view of cluster
2025-04-27T12:14:10.461+05:30  INFO 16984 --- [delivery_service] [k1s.mongodb.net] org.mongodb.driver.cluster               : Adding discovered server ac-mpa2ivu-shard-00-00.55k6k1s.mongodb.net:27017 to client view of cluster
2025-04-27T12:14:10.465+05:30  INFO 16984 --- [delivery_service] [k1s.mongodb.net] org.mongodb.driver.cluster               : Adding discovered server ac-mpa2ivu-shard-00-02.55k6k1s.mongodb.net:27017 to client view of cluster
2025-04-27T12:14:11.818+05:30  INFO 16984 --- [delivery_service] [ngodb.net:27017] org.mongodb.driver.cluster               : Monitor thread successfully connected to server with description ServerDescription{address=ac-mpa2ivu-shard-00-01.55k6k1s.mongodb.net:27017, type=REPLICA_SET_PRIMARY, cryptd=false, state=CONNECTED, ok=true, minWireVersion=0, maxWireVersion=25, maxDocumentSize=16777216, logicalSessionTimeoutMinutes=30, roundTripTimeNanos=732666500, minRoundTripTimeNanos=0, setName='atlas-6iwb5e-shard-0', canonicalAddress=ac-mpa2ivu-shard-00-01.55k6k1s.mongodb.net:27017, hosts=[ac-mpa2ivu-shard-00-00.55k6k1s.mongodb.net:27017, ac-mpa2ivu-shard-00-01.55k6k1s.mongodb.net:27017, ac-mpa2ivu-shard-00-02.55k6k1s.mongodb.net:27017], passives=[], arbiters=[], primary='ac-mpa2ivu-shard-00-01.55k6k1s.mongodb.net:27017', tagSet=TagSet{[Tag{name='availabilityZone', value='aps1-az3'}, Tag{name='diskState', value='READY'}, Tag{name='nodeType', value='ELECTABLE'}, Tag{name='provider', value='AWS'}, Tag{name='region', value='AP_SOUTH_1'}, Tag{name='workloadType', value='OPERATIONAL'}]}, electionId=7fffffff00000000000000f2, setVersion=289, topologyVersion=TopologyVersion{processId=680c20d391e1f8cc9dca31b9, counter=6}, lastWriteDate=Sun Apr 27 12:14:11 IST 2025, lastUpdateTimeNanos=6111899944900}
2025-04-27T12:14:11.819+05:30  INFO 16984 --- [delivery_service] [ngodb.net:27017] org.mongodb.driver.cluster               : Monitor thread successfully connected to server with description ServerDescription{address=ac-mpa2ivu-shard-00-02.55k6k1s.mongodb.net:27017, type=REPLICA_SET_SECONDARY, cryptd=false, state=CONNECTED, ok=true, minWireVersion=0, maxWireVersion=25, maxDocumentSize=16777216, logicalSessionTimeoutMinutes=30, roundTripTimeNanos=736410500, minRoundTripTimeNanos=0, setName='atlas-6iwb5e-shard-0', canonicalAddress=ac-mpa2ivu-shard-00-02.55k6k1s.mongodb.net:27017, hosts=[ac-mpa2ivu-shard-00-00.55k6k1s.mongodb.net:27017, ac-mpa2ivu-shard-00-01.55k6k1s.mongodb.net:27017, ac-mpa2ivu-shard-00-02.55k6k1s.mongodb.net:27017], passives=[], arbiters=[], primary='ac-mpa2ivu-shard-00-01.55k6k1s.mongodb.net:27017', tagSet=TagSet{[Tag{name='availabilityZone', value='aps1-az2'}, Tag{name='diskState', value='READY'}, Tag{name='nodeType', value='ELECTABLE'}, Tag{name='provider', value='AWS'}, Tag{name='region', value='AP_SOUTH_1'}, Tag{name='workloadType', value='OPERATIONAL'}]}, electionId=null, setVersion=289, topologyVersion=TopologyVersion{processId=680c2325d1bf66e6497485a6, counter=3}, lastWriteDate=Sun Apr 27 12:14:11 IST 2025, lastUpdateTimeNanos=6111903805000}
2025-04-27T12:14:11.818+05:30  INFO 16984 --- [delivery_service] [ngodb.net:27017] org.mongodb.driver.cluster               : Monitor thread successfully connected to server with description ServerDescription{address=ac-mpa2ivu-shard-00-00.55k6k1s.mongodb.net:27017, type=REPLICA_SET_SECONDARY, cryptd=false, state=CONNECTED, ok=true, minWireVersion=0, maxWireVersion=25, maxDocumentSize=16777216, logicalSessionTimeoutMinutes=30, roundTripTimeNanos=708359400, minRoundTripTimeNanos=0, setName='atlas-6iwb5e-shard-0', canonicalAddress=ac-mpa2ivu-shard-00-00.55k6k1s.mongodb.net:27017, hosts=[ac-mpa2ivu-shard-00-00.55k6k1s.mongodb.net:27017, ac-mpa2ivu-shard-00-01.55k6k1s.mongodb.net:27017, ac-mpa2ivu-shard-00-02.55k6k1s.mongodb.net:27017], passives=[], arbiters=[], primary='ac-mpa2ivu-shard-00-01.55k6k1s.mongodb.net:27017', tagSet=TagSet{[Tag{name='availabilityZone', value='aps1-az1'}, Tag{name='diskState', value='READY'}, Tag{name='nodeType', value='ELECTABLE'}, Tag{name='provider', value='AWS'}, Tag{name='region', value='AP_SOUTH_1'}, Tag{name='workloadType', value='OPERATIONAL'}]}, electionId=null, setVersion=289, topologyVersion=TopologyVersion{processId=680c21be463533add5e22d8e, counter=4}, lastWriteDate=Sun Apr 27 12:14:11 IST 2025, lastUpdateTimeNanos=6111900254400}
2025-04-27T12:14:12.018+05:30  INFO 16984 --- [delivery_service] [ngodb.net:27017] org.mongodb.driver.cluster               : Discovered replica set primary ac-mpa2ivu-shard-00-01.55k6k1s.mongodb.net:27017 with max election id 7fffffff00000000000000f2 and max set version 289
2025-04-27T12:14:13.128+05:30  INFO 16984 --- [delivery_service] [           main] c.e.d.DeliveryServiceApplicationTests    : Started DeliveryServiceApplicationTests in 5.762 seconds (process running for 7.658)
]]></system-out>
  </testcase>
</testsuite>